push/build/intermediates/manifest_merge_blame_file/release/manifest-merger-blame-release-report.txt
1<?xml version="1.0" encoding="utf-8"?>
2<manifest xmlns:android="http://schemas.android.com/apk/res/android"
3    package="com.umeng.message.lib"
4    android:versionCode="1"
5    android:versionName="1.0" >
6
7    <uses-sdk
8        android:minSdkVersion="14"
8-->MangaReader\push\AndroidManifest.xml
9        android:targetSdkVersion="25" />
9-->MangaReader\push\AndroidManifest.xml
10
11    <uses-permission android:name="android.permission.INTERNET" />
11-->MangaReader\push\AndroidManifest.xml:8:5-67
11-->MangaReader\push\AndroidManifest.xml:8:22-64
12    <uses-permission android:name="android.permission.ACCESS_NETWORK_STATE" />
12-->MangaReader\push\AndroidManifest.xml:9:5-79
12-->MangaReader\push\AndroidManifest.xml:9:22-76
13    <uses-permission android:name="android.permission.ACCESS_WIFI_STATE" />
13-->MangaReader\push\AndroidManifest.xml:10:5-76
13-->MangaReader\push\AndroidManifest.xml:10:22-73
14    <uses-permission android:name="android.permission.WRITE_EXTERNAL_STORAGE" />
14-->MangaReader\push\AndroidManifest.xml:11:5-81
14-->MangaReader\push\AndroidManifest.xml:11:22-78
15    <uses-permission android:name="android.permission.WAKE_LOCK" />
15-->MangaReader\push\AndroidManifest.xml:12:5-68
15-->MangaReader\push\AndroidManifest.xml:12:22-65
16    <uses-permission android:name="android.permission.READ_PHONE_STATE" />
16-->MangaReader\push\AndroidManifest.xml:13:5-75
16-->MangaReader\push\AndroidManifest.xml:13:22-72
17    <uses-permission android:name="android.permission.BROADCAST_PACKAGE_ADDED" />
17-->MangaReader\push\AndroidManifest.xml:14:5-82
17-->MangaReader\push\AndroidManifest.xml:14:22-79
18    <uses-permission android:name="android.permission.BROADCAST_PACKAGE_CHANGED" />
18-->MangaReader\push\AndroidManifest.xml:15:5-84
18-->MangaReader\push\AndroidManifest.xml:15:22-81
19    <uses-permission android:name="android.permission.BROADCAST_PACKAGE_INSTALL" />
19-->MangaReader\push\AndroidManifest.xml:16:5-84
19-->MangaReader\push\AndroidManifest.xml:16:22-81
20    <uses-permission android:name="android.permission.BROADCAST_PACKAGE_REPLACED" />
20-->MangaReader\push\AndroidManifest.xml:17:5-85
20-->MangaReader\push\AndroidManifest.xml:17:22-82
21    <uses-permission android:name="android.permission.RESTART_PACKAGES" />
21-->MangaReader\push\AndroidManifest.xml:18:5-75
21-->MangaReader\push\AndroidManifest.xml:18:22-72
22    <uses-permission android:name="android.permission.GET_TASKS" />
22-->MangaReader\push\AndroidManifest.xml:19:5-68
22-->MangaReader\push\AndroidManifest.xml:19:22-65
23    <uses-permission android:name="android.permission.RECEIVE_BOOT_COMPLETED" />
23-->MangaReader\push\AndroidManifest.xml:20:5-81
23-->MangaReader\push\AndroidManifest.xml:20:22-78
24    <uses-permission android:name="android.permission.CHANGE_NETWORK_STATE" />
24-->MangaReader\push\AndroidManifest.xml:21:5-79
24-->MangaReader\push\AndroidManifest.xml:21:22-76
25    <uses-permission android:name="android.permission.CHANGE_WIFI_STATE" />
25-->MangaReader\push\AndroidManifest.xml:22:5-76
25-->MangaReader\push\AndroidManifest.xml:22:22-73
26
27    <application>
27-->MangaReader\push\AndroidManifest.xml:24:5-167:19
28        <service
28-->MangaReader\push\AndroidManifest.xml:26:9-36:19
29            android:name="com.taobao.accs.ChannelService"
29-->MangaReader\push\AndroidManifest.xml:27:13-58
30            android:exported="true"
30-->MangaReader\push\AndroidManifest.xml:28:13-36
31            android:process=":channel" >
31-->MangaReader\push\AndroidManifest.xml:29:13-39
32            <intent-filter>
32-->MangaReader\push\AndroidManifest.xml:30:13-32:29
33                <action android:name="com.taobao.accs.intent.action.SERVICE" />
33-->MangaReader\push\AndroidManifest.xml:31:17-80
33-->MangaReader\push\AndroidManifest.xml:31:25-77
34            </intent-filter>
35            <intent-filter>
35-->MangaReader\push\AndroidManifest.xml:33:13-35:29
36                <action android:name="com.taobao.accs.intent.action.ELECTION" />
36-->MangaReader\push\AndroidManifest.xml:34:17-81
36-->MangaReader\push\AndroidManifest.xml:34:25-78
37            </intent-filter>
38        </service>
39        <service
39-->MangaReader\push\AndroidManifest.xml:38:9-44:19
40            android:name="com.taobao.accs.data.MsgDistributeService"
40-->MangaReader\push\AndroidManifest.xml:39:13-69
41            android:exported="true" >
41-->MangaReader\push\AndroidManifest.xml:40:13-36
42            <intent-filter>
42-->MangaReader\push\AndroidManifest.xml:41:13-43:29
43                <action android:name="com.taobao.accs.intent.action.RECEIVE" />
43-->MangaReader\push\AndroidManifest.xml:42:17-80
43-->MangaReader\push\AndroidManifest.xml:42:25-77
44            </intent-filter>
45        </service>
46
47        <receiver
47-->MangaReader\push\AndroidManifest.xml:46:9-62:20
48            android:name="com.taobao.accs.EventReceiver"
48-->MangaReader\push\AndroidManifest.xml:47:13-57
49            android:process=":channel" >
49-->MangaReader\push\AndroidManifest.xml:48:13-39
50            <intent-filter>
50-->MangaReader\push\AndroidManifest.xml:49:13-51:29
51                <action android:name="android.intent.action.BOOT_COMPLETED" />
51-->MangaReader\push\AndroidManifest.xml:50:17-79
51-->MangaReader\push\AndroidManifest.xml:50:25-76
52            </intent-filter>
53            <intent-filter>
53-->MangaReader\push\AndroidManifest.xml:52:13-54:29
54                <action android:name="android.net.conn.CONNECTIVITY_CHANGE" />
54-->MangaReader\push\AndroidManifest.xml:53:17-79
54-->MangaReader\push\AndroidManifest.xml:53:25-76
55            </intent-filter>
56            <intent-filter>
56-->MangaReader\push\AndroidManifest.xml:55:13-58:29
57                <action android:name="android.intent.action.PACKAGE_REMOVED" />
57-->MangaReader\push\AndroidManifest.xml:56:17-80
57-->MangaReader\push\AndroidManifest.xml:56:25-77
58
59                <data android:scheme="package" />
59-->MangaReader\push\AndroidManifest.xml:57:17-50
59-->MangaReader\push\AndroidManifest.xml:57:23-47
60            </intent-filter>
61            <intent-filter>
61-->MangaReader\push\AndroidManifest.xml:59:13-61:29
62                <action android:name="android.intent.action.USER_PRESENT" />
62-->MangaReader\push\AndroidManifest.xml:60:17-77
62-->MangaReader\push\AndroidManifest.xml:60:25-74
63            </intent-filter>
64        </receiver>
65        <receiver
65-->MangaReader\push\AndroidManifest.xml:64:9-73:20
66            android:name="com.taobao.accs.ServiceReceiver"
66-->MangaReader\push\AndroidManifest.xml:65:13-59
67            android:process=":channel" >
67-->MangaReader\push\AndroidManifest.xml:66:13-39
68            <intent-filter>
68-->MangaReader\push\AndroidManifest.xml:67:13-69:29
69                <action android:name="com.taobao.accs.intent.action.COMMAND" />
69-->MangaReader\push\AndroidManifest.xml:68:17-80
69-->MangaReader\push\AndroidManifest.xml:68:25-77
70            </intent-filter>
71            <intent-filter>
71-->MangaReader\push\AndroidManifest.xml:70:13-72:29
72                <action android:name="com.taobao.accs.intent.action.START_FROM_AGOO" />
72-->MangaReader\push\AndroidManifest.xml:71:17-88
72-->MangaReader\push\AndroidManifest.xml:71:25-85
73            </intent-filter>
74        </receiver>
75
76        <service
76-->MangaReader\push\AndroidManifest.xml:75:9-78:41
77            android:name="com.taobao.accs.internal.AccsJobService"
77-->MangaReader\push\AndroidManifest.xml:76:13-67
78            android:permission="android.permission.BIND_JOB_SERVICE"
78-->MangaReader\push\AndroidManifest.xml:77:13-69
79            android:process=":channel" />
79-->MangaReader\push\AndroidManifest.xml:78:13-39
80        <service
80-->MangaReader\push\AndroidManifest.xml:80:9-82:42
81            android:name="com.taobao.accs.ChannelService$KernelService"
81-->MangaReader\push\AndroidManifest.xml:81:13-72
82            android:process=":channel" />
82-->MangaReader\push\AndroidManifest.xml:82:13-39
83        <service
83-->MangaReader\push\AndroidManifest.xml:84:9-90:19
84            android:name="org.android.agoo.accs.AgooService"
84-->MangaReader\push\AndroidManifest.xml:85:13-61
85            android:exported="true" >
85-->MangaReader\push\AndroidManifest.xml:86:13-36
86            <intent-filter>
86-->MangaReader\push\AndroidManifest.xml:41:13-43:29
87                <action android:name="com.taobao.accs.intent.action.RECEIVE" />
87-->MangaReader\push\AndroidManifest.xml:42:17-80
87-->MangaReader\push\AndroidManifest.xml:42:25-77
88            </intent-filter>
89        </service>
90        <service
90-->MangaReader\push\AndroidManifest.xml:92:9-99:19
91            android:name="com.umeng.message.UmengIntentService"
91-->MangaReader\push\AndroidManifest.xml:93:13-64
92            android:exported="true"
92-->MangaReader\push\AndroidManifest.xml:94:13-36
93            android:process=":channel" >
93-->MangaReader\push\AndroidManifest.xml:95:13-39
94            <intent-filter>
94-->MangaReader\push\AndroidManifest.xml:96:13-98:29
95                <action android:name="org.agoo.android.intent.action.RECEIVE" />
95-->MangaReader\push\AndroidManifest.xml:97:17-81
95-->MangaReader\push\AndroidManifest.xml:97:25-78
96            </intent-filter>
97        </service>
98        <service
98-->MangaReader\push\AndroidManifest.xml:101:9-108:19
99            android:name="com.umeng.message.XiaomiIntentService"
99-->MangaReader\push\AndroidManifest.xml:102:13-65
100            android:exported="true"
100-->MangaReader\push\AndroidManifest.xml:103:13-36
101            android:process=":channel" >
101-->MangaReader\push\AndroidManifest.xml:104:13-39
102            <intent-filter>
102-->MangaReader\push\AndroidManifest.xml:96:13-98:29
103                <action android:name="org.agoo.android.intent.action.RECEIVE" />
103-->MangaReader\push\AndroidManifest.xml:97:17-81
103-->MangaReader\push\AndroidManifest.xml:97:25-78
104            </intent-filter>
105        </service>
106
107        <receiver
107-->MangaReader\push\AndroidManifest.xml:110:9-121:20
108            android:name="com.taobao.agoo.AgooCommondReceiver"
108-->MangaReader\push\AndroidManifest.xml:111:13-63
109            android:exported="true"
109-->MangaReader\push\AndroidManifest.xml:112:13-36
110            android:process=":channel" >
110-->MangaReader\push\AndroidManifest.xml:113:13-39
111            <intent-filter>
112                <action android:name="dollar_openBracket_applicationId_closeBracket.intent.action.COMMAND" />
113            </intent-filter>
114            <intent-filter>
114-->MangaReader\push\AndroidManifest.xml:55:13-58:29
115                <action android:name="android.intent.action.PACKAGE_REMOVED" />
115-->MangaReader\push\AndroidManifest.xml:56:17-80
115-->MangaReader\push\AndroidManifest.xml:56:25-77
116
117                <data android:scheme="package" />
117-->MangaReader\push\AndroidManifest.xml:57:17-50
117-->MangaReader\push\AndroidManifest.xml:57:23-47
118            </intent-filter>
119        </receiver>
120
121        <service
121-->MangaReader\push\AndroidManifest.xml:123:9-130:19
122            android:name="com.umeng.message.UmengMessageIntentReceiverService"
122-->MangaReader\push\AndroidManifest.xml:124:13-79
123            android:exported="true"
123-->MangaReader\push\AndroidManifest.xml:125:13-36
124            android:process=":channel" >
124-->MangaReader\push\AndroidManifest.xml:126:13-39
125            <intent-filter>
125-->MangaReader\push\AndroidManifest.xml:127:13-129:29
126                <action android:name="org.android.agoo.client.MessageReceiverService" />
126-->MangaReader\push\AndroidManifest.xml:128:17-89
126-->MangaReader\push\AndroidManifest.xml:128:25-86
127            </intent-filter>
128        </service>
129
130        <receiver
130-->MangaReader\push\AndroidManifest.xml:132:9-134:40
131            android:name="com.umeng.message.NotificationProxyBroadcastReceiver"
131-->MangaReader\push\AndroidManifest.xml:133:13-80
132            android:exported="false" />
132-->MangaReader\push\AndroidManifest.xml:134:13-37
133
134        <service
134-->MangaReader\push\AndroidManifest.xml:136:9-154:19
135            android:name="com.umeng.message.UmengMessageCallbackHandlerService"
135-->MangaReader\push\AndroidManifest.xml:137:13-80
136            android:exported="false" >
136-->MangaReader\push\AndroidManifest.xml:138:13-37
137            <intent-filter>
137-->MangaReader\push\AndroidManifest.xml:139:13-141:29
138                <action android:name="com.umeng.messge.registercallback.action" />
138-->MangaReader\push\AndroidManifest.xml:140:17-83
138-->MangaReader\push\AndroidManifest.xml:140:25-80
139            </intent-filter>
140            <intent-filter>
140-->MangaReader\push\AndroidManifest.xml:142:13-144:29
141                <action android:name="com.umeng.message.enablecallback.action" />
141-->MangaReader\push\AndroidManifest.xml:143:17-82
141-->MangaReader\push\AndroidManifest.xml:143:25-79
142            </intent-filter>
143            <intent-filter>
143-->MangaReader\push\AndroidManifest.xml:145:13-147:29
144                <action android:name="com.umeng.message.disablecallback.action" />
144-->MangaReader\push\AndroidManifest.xml:146:17-83
144-->MangaReader\push\AndroidManifest.xml:146:25-80
145            </intent-filter>
146            <intent-filter>
146-->MangaReader\push\AndroidManifest.xml:148:13-150:29
147                <action android:name="com.umeng.message.message.handler.action" />
147-->MangaReader\push\AndroidManifest.xml:149:17-83
147-->MangaReader\push\AndroidManifest.xml:149:25-80
148            </intent-filter>
149            <intent-filter>
149-->MangaReader\push\AndroidManifest.xml:151:13-153:29
150                <action android:name="com.umeng.message.message.sendmessage.action" />
150-->MangaReader\push\AndroidManifest.xml:152:17-87
150-->MangaReader\push\AndroidManifest.xml:152:25-84
151            </intent-filter>
152        </service>
153        <service
153-->MangaReader\push\AndroidManifest.xml:156:9-158:40
154            android:name="com.umeng.message.UmengDownloadResourceService"
154-->MangaReader\push\AndroidManifest.xml:157:13-74
155            android:exported="false" />
155-->MangaReader\push\AndroidManifest.xml:158:13-37
156
157        <provider
157-->MangaReader\push\AndroidManifest.xml:160:9-165:20
158            android:name="com.umeng.message.provider.MessageProvider"
158-->MangaReader\push\AndroidManifest.xml:161:13-70
159            android:authorities="dollar_openBracket_applicationId_closeBracket.umeng.message"
159-->MangaReader\push\AndroidManifest.xml:162:13-65
160            android:exported="false" >
160-->MangaReader\push\AndroidManifest.xml:163:13-37
161            <grant-uri-permission android:pathPattern=".*" />
161-->MangaReader\push\AndroidManifest.xml:164:13-62
161-->MangaReader\push\AndroidManifest.xml:164:35-59
162        </provider>
163    </application>
164
165</manifest>